<?xml version="1.0" encoding="UTF-8"?>
<!-- Generated by org.testng.reporters.JUnitReportReporter -->
<testsuite skipped="0" hostname="DESKTOP-NHJVFRD" name="com.testNG.Miniproj_1" tests="1" failures="0" timestamp="2022-01-04T20:25:27 IST" time="127.259" errors="0">
  <testcase name="placing_order" time="127.259" classname="com.testNG.Miniproj_1"/>
  <system-out/>
</testsuite> <!-- com.testNG.Miniproj_1 -->
