<?xml version="1.0" encoding="UTF-8"?>
<!-- Generated by org.testng.reporters.JUnitReportReporter -->
<testsuite skipped="1" hostname="DESKTOP-NHJVFRD" name="com.testNG.Simple_Annotations" tests="2" failures="0" timestamp="2022-01-04T21:05:00 IST" time="0.016" errors="0">
  <testcase name="tshirt" time="0.016" classname="com.testNG.Simple_Annotations"/>
  <system-out/>
  <testcase name="dress" classname="com.testNG.Simple_Annotations">
    <skipped/>
  </testcase> <!-- dress -->
  <system-out/>
</testsuite> <!-- com.testNG.Simple_Annotations -->
