<?xml version="1.0" encoding="UTF-8"?>
<!-- Generated by org.testng.reporters.JUnitReportReporter -->
<testsuite skipped="0" hostname="DESKTOP-NHJVFRD" name="com.testNG.Parameters_1" tests="1" failures="0" timestamp="2022-01-04T21:36:23 IST" time="0.016" errors="0">
  <testcase name="employee" time="0.016" classname="com.testNG.Parameters_1"/>
  <system-out/>
</testsuite> <!-- com.testNG.Parameters_1 -->
